<?xml version="1.0" encoding="UTF-8"?>
<!-- Generated by org.testng.reporters.JUnitReportReporter -->
<testsuite hostname="DESKTOP-E70T3B1" failures="0" tests="1" name="com.ejemplo.testng.PurchaseFlowTest" time="7.748" errors="0" timestamp="2025-06-12T17:11:36 ECT" skipped="0">
  <testcase classname="com.ejemplo.testng.PurchaseFlowTest" name="testAddSauceLabsBackpackToCart" time="7.748"/>
</testsuite> <!-- com.ejemplo.testng.PurchaseFlowTest -->
