<?xml version="1.0" encoding="UTF-8"?>
<!-- Generated by org.testng.reporters.JUnitReportReporter -->
<testsuite hostname="DESKTOP-E70T3B1" failures="0" tests="1" name="com.ejemplo.testng.LoginTest" time="8.127" errors="0" timestamp="2025-06-12T17:11:36 ECT" skipped="0">
  <testcase classname="com.ejemplo.testng.LoginTest" name="testLoginExitoso" time="8.127"/>
</testsuite> <!-- com.ejemplo.testng.LoginTest -->
