<?xml version="1.0" encoding="UTF-8"?>
<!-- Generated by org.testng.reporters.JUnitReportReporter -->
<testsuite hostname="DESKTOP-E70T3B1" failures="0" tests="1" name="com.ejemplo.testng.AppTest" time="0.007" errors="0" timestamp="2025-06-16T13:55:54 ECT" skipped="0">
  <testcase classname="com.ejemplo.testng.AppTest" name="testSuma" time="0.007"/>
</testsuite> <!-- com.ejemplo.testng.AppTest -->
